(function(t){function e(e){for(var r,i,p=e[0],l=e[1],s=e[2],c=0,f=[];c<p.length;c++)i=p[c],Object.prototype.hasOwnProperty.call(o,i)&&o[i]&&f.push(o[i][0]),o[i]=0;for(r in l)Object.prototype.hasOwnProperty.call(l,r)&&(t[r]=l[r]);a&&a(e);while(f.length)f.shift()();return u.push.apply(u,s||[]),n()}function n(){for(var t,e=0;e<u.length;e++){for(var n=u[e],r=!0,p=1;p<n.length;p++){var l=n[p];0!==o[l]&&(r=!1)}r&&(u.splice(e--,1),t=i(i.s=n[0]))}return t}var r={},o={app:0},u=[];function i(e){if(r[e])return r[e].exports;var n=r[e]={i:e,l:!1,exports:{}};return t[e].call(n.exports,n,n.exports,i),n.l=!0,n.exports}i.m=t,i.c=r,i.d=function(t,e,n){i.o(t,e)||Object.defineProperty(t,e,{enumerable:!0,get:n})},i.r=function(t){"undefined"!==typeof Symbol&&Symbol.toStringTag&&Object.defineProperty(t,Symbol.toStringTag,{value:"Module"}),Object.defineProperty(t,"__esModule",{value:!0})},i.t=function(t,e){if(1&e&&(t=i(t)),8&e)return t;if(4&e&&"object"===typeof t&&t&&t.__esModule)return t;var n=Object.create(null);if(i.r(n),Object.defineProperty(n,"default",{enumerable:!0,value:t}),2&e&&"string"!=typeof t)for(var r in t)i.d(n,r,function(e){return t[e]}.bind(null,r));return n},i.n=function(t){var e=t&&t.__esModule?function(){return t["default"]}:function(){return t};return i.d(e,"a",e),e},i.o=function(t,e){return Object.prototype.hasOwnProperty.call(t,e)},i.p="/";var p=window["webpackJsonp"]=window["webpackJsonp"]||[],l=p.push.bind(p);p.push=e,p=p.slice();for(var s=0;s<p.length;s++)e(p[s]);var a=l;u.push([0,"chunk-vendors"]),n()})({0:function(t,e,n){t.exports=n("56d7")},"034f":function(t,e,n){"use strict";n("85ec")},"56d7":function(t,e,n){"use strict";n.r(e);n("e260"),n("e6cf"),n("cca6"),n("a79d");var r=n("2b0e"),o=function(){var t=this,e=t.$createElement,n=t._self._c||e;return n("div",{staticClass:"d-flex",attrs:{id:"app"}},[n("pev2",{attrs:{"plan-source":t.plan,"plan-query":t.query}})],1)},u=[],i=n("7e84"),p=n.n(i),l='\nSort  (cost=47.50..48.56 rows=423 width=36) (actual time=0.023..0.024 rows=0 loops=1)\n  Output: "PostId", "Title"\n  Sort Key: p."PostId" DESC\n  Sort Method: quicksort  Memory: 25kB\n  ->  Seq Scan on public."Posts" p  (cost=0.00..29.05 rows=423 width=36) (actual time=0.017..0.017 rows=0 loops=1)\n        Output: "PostId", "Title"\n        Filter: (strpos(p."Title", \'Giorgi\'::text) > 0)\nPlanning:\n  Buffers: shared hit=1\nPlanning Time: 0.124 ms\nExecution Time: 0.049 ms',s='\nSELECT p."PostId", p."Title"\nFROM "Posts" AS p\nWHERE strpos(p."Title", \'Giorgi\') > 0\nORDER BY p."PostId" DESC',a={name:"App",data:function(){return{plan:l,query:s}},components:{pev2:p.a}},c=a,f=(n("034f"),n("2877")),d=Object(f["a"])(c,o,u,!1,null,null,null),h=d.exports;r["default"].config.productionTip=!1,new r["default"]({render:function(t){return t(h)}}).$mount("#app")},"85ec":function(t,e,n){}});
//# sourceMappingURL=app.8dc95047.js.map